Nov 17 22:54:48.656 INFO Running build command...
Nov 17 22:54:48.659 INFO Checking rustc version...
Nov 17 22:54:48.744 INFO rustc version is 30.
Nov 17 22:54:48.745 INFO Checking crate configuration...
Nov 17 22:54:48.745 INFO Crate is correctly configured.
Nov 17 22:54:48.745 INFO Adding wasm-target...
Nov 17 22:54:48.745 INFO Running "rustup" "target" "add" "wasm32-unknown-unknown"
Nov 17 22:54:48.831 INFO rustup (stderr): info: component 'rust-std' for target 'wasm32-unknown-unknown' is up to date
Nov 17 22:54:48.834 INFO Adding wasm-target was successful.
Nov 17 22:54:48.834 INFO Building wasm...
Nov 17 22:54:48.835 INFO Running "cargo" "build" "--lib" "--target" "wasm32-unknown-unknown"
Nov 17 22:54:50.078 INFO cargo build (stderr):    Compiling proc-macro2 v0.4.23
Nov 17 22:54:50.078 INFO cargo build (stderr):    Compiling unicode-xid v0.1.0
Nov 17 22:54:50.079 INFO cargo build (stderr):    Compiling version_check v0.1.5
Nov 17 22:54:50.079 INFO cargo build (stderr):    Compiling wasm-bindgen-shared v0.2.28
Nov 17 22:54:50.079 INFO cargo build (stderr):    Compiling cfg-if v0.1.6
Nov 17 22:54:50.079 INFO cargo build (stderr):    Compiling failure_derive v0.1.3
Nov 17 22:54:50.080 INFO cargo build (stderr):    Compiling libc v0.2.43
Nov 17 22:54:50.080 INFO cargo build (stderr):    Compiling serde v1.0.80
Nov 17 22:54:50.440 INFO cargo build (stderr):    Compiling regex v1.0.6
Nov 17 22:54:51.740 INFO cargo build (stderr):    Compiling lazy_static v1.2.0
Nov 17 22:54:51.767 INFO cargo build (stderr):    Compiling ucd-util v0.1.2
Nov 17 22:54:52.049 INFO cargo build (stderr):    Compiling ryu v0.2.7
Nov 17 22:54:52.049 INFO cargo build (stderr):    Compiling rustc-demangle v0.1.9
Nov 17 22:54:52.049 INFO cargo build (stderr):    Compiling unicode-segmentation v1.2.1
Nov 17 22:54:52.049 INFO cargo build (stderr):    Compiling quick-error v1.2.2
Nov 17 22:54:52.192 INFO cargo build (stderr):    Compiling utf8-ranges v1.0.2
Nov 17 22:54:52.364 INFO cargo build (stderr):    Compiling itoa v0.4.3
Nov 17 22:54:52.407 INFO cargo build (stderr):    Compiling termcolor v1.0.4
Nov 17 22:54:52.856 INFO cargo build (stderr):    Compiling wasm-bindgen v0.2.28
Nov 17 22:54:53.040 INFO cargo build (stderr):    Compiling sourcefile v0.1.4
Nov 17 22:54:53.070 INFO cargo build (stderr):    Compiling futures v0.1.25
Nov 17 22:54:53.313 INFO cargo build (stderr):    Compiling log v0.4.6
Nov 17 22:54:53.338 INFO cargo build (stderr):    Compiling memchr v2.1.1
Nov 17 22:54:53.678 INFO cargo build (stderr):    Compiling thread_local v0.3.6
Nov 17 22:54:53.978 INFO cargo build (stderr):    Compiling humantime v1.1.1
Nov 17 22:54:54.015 INFO cargo build (stderr):    Compiling atty v0.2.11
Nov 17 22:54:54.483 INFO cargo build (stderr):    Compiling regex-syntax v0.6.3
Nov 17 22:54:54.516 INFO cargo build (stderr):    Compiling backtrace v0.3.9
Nov 17 22:54:55.281 INFO cargo build (stderr):    Compiling heck v0.3.0
Nov 17 22:54:57.403 INFO cargo build (stderr):    Compiling aho-corasick v0.6.9
Nov 17 22:54:57.403 INFO cargo build (stderr):    Compiling nom v4.1.1
Nov 17 22:54:58.656 INFO cargo build (stderr):    Compiling quote v0.6.10
Nov 17 22:55:00.070 INFO cargo build (stderr):    Compiling syn v0.15.20
Nov 17 22:55:01.860 INFO cargo build (stderr):    Compiling weedle v0.8.0
Nov 17 22:55:11.984 INFO cargo build (stderr):    Compiling env_logger v0.6.0
Nov 17 22:55:12.164 INFO cargo build (stderr):    Compiling serde_json v1.0.33
Nov 17 22:55:18.195 INFO cargo build (stderr):    Compiling synstructure v0.10.1
Nov 17 22:55:18.196 INFO cargo build (stderr):    Compiling wasm-bindgen-backend v0.2.28
Nov 17 22:55:18.196 INFO cargo build (stderr):    Compiling serde_derive v1.0.80
Nov 17 22:55:24.659 INFO cargo build (stderr):    Compiling failure v0.1.3
Nov 17 22:55:24.679 INFO cargo build (stderr):    Compiling wasm-bindgen-macro-support v0.2.28
Nov 17 22:55:25.236 INFO cargo build (stderr):    Compiling wasm-bindgen-webidl v0.2.22
Nov 17 22:55:29.431 INFO cargo build (stderr):    Compiling wasm-bindgen-macro v0.2.28
Nov 17 22:55:33.964 INFO cargo build (stderr):    Compiling js-sys v0.3.5
Nov 17 22:55:34.464 INFO cargo build (stderr):    Compiling web-sys v0.3.5
Nov 17 22:55:40.063 INFO cargo build (stderr):    Compiling wasm-bindgen-futures v0.3.5
Nov 17 22:55:45.444 INFO cargo build (stderr):    Compiling fetch-github v0.1.0 (/Users/c/blog/client/app/wasm/fetch-github-wasm)
Nov 17 22:55:45.658 INFO cargo build (stderr): warning: unused import: `wasm_bindgen_futures::future_to_promise`
Nov 17 22:55:45.658 INFO cargo build (stderr):  --> src/github/mod.rs:5:5
Nov 17 22:55:45.658 INFO cargo build (stderr):   |
Nov 17 22:55:45.659 INFO cargo build (stderr): 5 | use wasm_bindgen_futures::future_to_promise;
Nov 17 22:55:45.659 INFO cargo build (stderr):   |     ^^^^^^^^^^^^^^^^^^^^^^^^^^^^^^^^^^^^^^^
Nov 17 22:55:45.659 INFO cargo build (stderr):   |
Nov 17 22:55:45.659 INFO cargo build (stderr):   = note: #[warn(unused_imports)] on by default
Nov 17 22:55:45.659 INFO cargo build (stderr): 
Nov 17 22:55:45.659 INFO cargo build (stderr): warning: unused imports: `RequestInit`, `RequestMode`, `Request`
Nov 17 22:55:45.660 INFO cargo build (stderr):  --> src/github/mod.rs:7:15
Nov 17 22:55:45.660 INFO cargo build (stderr):   |
Nov 17 22:55:45.660 INFO cargo build (stderr): 7 | use web_sys::{Request, RequestInit, RequestMode, Response};
Nov 17 22:55:45.660 INFO cargo build (stderr):   |               ^^^^^^^  ^^^^^^^^^^^  ^^^^^^^^^^^
Nov 17 22:55:45.660 INFO cargo build (stderr): 
Nov 17 22:55:46.101 INFO cargo build (stderr): warning: constant item is never used: `BLOG_PATH`
Nov 17 22:55:46.101 INFO cargo build (stderr):   --> src/github/mod.rs:15:1
Nov 17 22:55:46.101 INFO cargo build (stderr):    |
Nov 17 22:55:46.101 INFO cargo build (stderr): 15 | const BLOG_PATH: &'static str = "blog";
Nov 17 22:55:46.101 INFO cargo build (stderr):    | ^^^^^^^^^^^^^^^^^^^^^^^^^^^^^^^^^^^^^^^
Nov 17 22:55:46.101 INFO cargo build (stderr):    |
Nov 17 22:55:46.102 INFO cargo build (stderr):    = note: #[warn(dead_code)] on by default
Nov 17 22:55:46.102 INFO cargo build (stderr): 
Nov 17 22:55:46.102 INFO cargo build (stderr): warning: constant item is never used: `METADATA_FILE`
Nov 17 22:55:46.102 INFO cargo build (stderr):   --> src/github/mod.rs:16:1
Nov 17 22:55:46.102 INFO cargo build (stderr):    |
Nov 17 22:55:46.102 INFO cargo build (stderr): 16 | const METADATA_FILE: &'static str = "metadata.blog";
Nov 17 22:55:46.102 INFO cargo build (stderr):    | ^^^^^^^^^^^^^^^^^^^^^^^^^^^^^^^^^^^^^^^^^^^^^^^^^^^^
Nov 17 22:55:46.102 INFO cargo build (stderr): 
Nov 17 22:55:46.965 INFO cargo build (stderr):     Finished dev [unoptimized + debuginfo] target(s) in 58.07s
Nov 17 22:55:46.988 INFO wasm built at "/Users/c/blog/client/app/wasm/fetch-github-wasm/target/wasm32-unknown-unknown/release".
Nov 17 22:55:46.988 INFO Creating a pkg directory...
Nov 17 22:55:46.989 INFO Created a pkg directory at "/Users/c/blog/client/app/wasm/fetch-github-wasm".
Nov 17 22:55:46.989 INFO Writing a package.json...
Nov 17 22:55:46.990 INFO Wrote a package.json at "/Users/c/blog/client/app/wasm/fetch-github-wasm/pkg/package.json".
Nov 17 22:55:46.990 INFO Copying readme from crate...
Nov 17 22:55:46.991 INFO Copied readme from crate to "/Users/c/blog/client/app/wasm/fetch-github-wasm/pkg".
Nov 17 22:55:46.991 INFO Identifying wasm-bindgen dependency...
Nov 17 22:55:47.062 INFO Installing wasm-bindgen-cli...
Nov 17 22:55:47.064 INFO Running "/Users/c/.cargo/bin/wasm-bindgen" "--version"
Nov 17 22:55:47.089 INFO wasm-bindgen (stdout): wasm-bindgen 0.2.28
Nov 17 22:55:47.090 INFO Checking installed `wasm-bindgen` version == expected version: 0.2.28 == 0.2.28
Nov 17 22:55:47.091 INFO Installing wasm-bindgen-cli was successful.
Nov 17 22:55:47.091 INFO Getting the crate name from the manifest...
Nov 17 22:55:47.091 INFO Got crate name "fetch-github" from the manifest at "/Users/c/blog/client/app/wasm/fetch-github-wasm/Cargo.toml".
Nov 17 22:55:47.091 INFO Building the wasm bindings...
Nov 17 22:55:47.091 INFO Running "/Users/c/.cargo/bin/wasm-bindgen" "target/wasm32-unknown-unknown/debug/fetch_github.wasm" "--out-dir" "/Users/c/blog/client/app/wasm/fetch-github-wasm/pkg" "--typescript" "--browser" "--debug"
Nov 17 22:55:47.199 INFO wasm bindings were built at "/Users/c/blog/client/app/wasm/fetch-github-wasm/pkg".
Nov 17 22:55:47.202 INFO Done in 58 seconds.
Nov 17 22:55:47.202 INFO Your wasm pkg is ready to publish at "/Users/c/blog/client/app/wasm/fetch-github-wasm/pkg".
Nov 17 23:01:13.363 INFO Running build command...
Nov 17 23:01:13.364 INFO Checking rustc version...
Nov 17 23:01:13.440 INFO rustc version is 30.
Nov 17 23:01:13.440 INFO Checking crate configuration...
Nov 17 23:01:13.441 INFO Crate is correctly configured.
Nov 17 23:01:13.441 INFO Adding wasm-target...
Nov 17 23:01:13.441 INFO Running "rustup" "target" "add" "wasm32-unknown-unknown"
Nov 17 23:01:13.523 INFO rustup (stderr): info: component 'rust-std' for target 'wasm32-unknown-unknown' is up to date
Nov 17 23:01:13.526 INFO Adding wasm-target was successful.
Nov 17 23:01:13.526 INFO Building wasm...
Nov 17 23:01:13.526 INFO Running "cargo" "build" "--lib" "--target" "wasm32-unknown-unknown"
Nov 17 23:01:14.078 INFO cargo build (stderr):     Finished dev [unoptimized + debuginfo] target(s) in 0.49s
Nov 17 23:01:14.085 INFO wasm built at "/Users/c/blog/client/app/wasm/fetch-github-wasm/target/wasm32-unknown-unknown/release".
Nov 17 23:01:14.085 INFO Creating a pkg directory...
Nov 17 23:01:14.085 INFO Created a pkg directory at "/Users/c/blog/client/app/wasm/fetch-github-wasm".
Nov 17 23:01:14.085 INFO Writing a package.json...
Nov 17 23:01:14.086 INFO Wrote a package.json at "/Users/c/blog/client/app/wasm/fetch-github-wasm/pkg/package.json".
Nov 17 23:01:14.086 INFO Copying readme from crate...
Nov 17 23:01:14.087 INFO Copied readme from crate to "/Users/c/blog/client/app/wasm/fetch-github-wasm/pkg".
Nov 17 23:01:14.087 INFO Identifying wasm-bindgen dependency...
Nov 17 23:01:14.133 INFO Installing wasm-bindgen-cli...
Nov 17 23:01:14.133 INFO Running "/Users/c/.cargo/bin/wasm-bindgen" "--version"
Nov 17 23:01:14.157 INFO wasm-bindgen (stdout): wasm-bindgen 0.2.28
Nov 17 23:01:14.158 INFO Checking installed `wasm-bindgen` version == expected version: 0.2.28 == 0.2.28
Nov 17 23:01:14.158 INFO Installing wasm-bindgen-cli was successful.
Nov 17 23:01:14.158 INFO Getting the crate name from the manifest...
Nov 17 23:01:14.158 INFO Got crate name "fetch-github" from the manifest at "/Users/c/blog/client/app/wasm/fetch-github-wasm/Cargo.toml".
Nov 17 23:01:14.159 INFO Building the wasm bindings...
Nov 17 23:01:14.159 INFO Running "/Users/c/.cargo/bin/wasm-bindgen" "target/wasm32-unknown-unknown/debug/fetch_github.wasm" "--out-dir" "/Users/c/blog/client/app/wasm/fetch-github-wasm/pkg" "--typescript" "--browser" "--debug"
Nov 17 23:01:14.293 INFO wasm bindings were built at "/Users/c/blog/client/app/wasm/fetch-github-wasm/pkg".
Nov 17 23:01:14.294 INFO Done in 0 seconds.
Nov 17 23:01:14.295 INFO Your wasm pkg is ready to publish at "/Users/c/blog/client/app/wasm/fetch-github-wasm/pkg".
